<?xml version="1.0" encoding="UTF-8"?>
<!-- Generated by org.testng.reporters.JUnitReportReporter -->
<testsuite hostname="DESKTOP-01V5FL5" failures="0" tests="1" name="Diabetes" time="908.996" errors="0" timestamp="2023-04-25T13:45:09 EDT" skipped="0">
  <testcase classname="Diabetes" name="Diabetes_test" time="908.996"/>
  <system-out/>
</testsuite> <!-- Diabetes -->
