<?xml version="1.0" encoding="UTF-8"?>
<!-- Generated by org.testng.reporters.JUnitReportReporter -->
<testsuite hostname="DESKTOP-01V5FL5" failures="0" tests="1" name="HighBloodPressure" time="897.665" errors="0" timestamp="2023-04-25T01:03:39 EDT" skipped="0">
  <testcase classname="HighBloodPressure" name="highBloodPressure" time="897.665"/>
  <system-out/>
</testsuite> <!-- HighBloodPressure -->
