<?xml version="1.0" encoding="UTF-8"?>
<!-- Generated by org.testng.reporters.JUnitReportReporter -->
<testsuite hostname="DESKTOP-01V5FL5" failures="0" tests="1" name="Diabetes_addon" time="1056.679" errors="0" timestamp="2023-04-25T13:27:38 EDT" skipped="0">
  <testcase classname="Diabetes_addon" name="Diabetes_addon_test" time="1056.679"/>
  <system-out/>
</testsuite> <!-- Diabetes_addon -->
