<?xml version="1.0" encoding="UTF-8"?>
<!-- Generated by org.testng.reporters.JUnitReportReporter -->
<testsuite hostname="Ramadevi" failures="0" tests="1" name="HypTnsn" time="8.496" errors="0" timestamp="2023-04-21T17:53:21 EDT" skipped="0">
  <testcase classname="HypTnsn" name="datainSheet" time="8.496"/>
  <system-out/>
</testsuite> <!-- HypTnsn -->
