<?xml version="1.0" encoding="UTF-8"?>
<!-- Generated by org.testng.reporters.JUnitReportReporter -->
<testsuite hostname="DESKTOP-01V5FL5" failures="0" tests="1" name="HBPAllergy" time="434.898" errors="0" timestamp="2023-04-25T12:55:15 EDT" skipped="0">
  <testcase classname="HBPAllergy" name="highBloodPressure" time="434.898"/>
  <system-out/>
</testsuite> <!-- HBPAllergy -->
